00:20:57 **** Incremental Build of configuration Debug for project c final project ****
Info: Internal Builder is used for build
gcc -O0 -g3 -Wall -c -fmessage-length=0 -o students.o "..\\students.c" 
..\students.c: In function 'update_student_information':
..\students.c:84:6: warning: unused variable 'change' [-Wunused-variable]
  int change;
      ^~~~~~
gcc -o "c final project.exe" students.o 
c:/mingw/bin/../lib/gcc/mingw32/6.3.0/../../../../mingw32/bin/ld.exe: cannot open output file c final project.exe: Permission denied
collect2.exe: error: ld returned 1 exit status
00:22:50 **** Incremental Build of configuration Debug for project c final project ****
Info: Internal Builder is used for build
gcc -o "c final project.exe" students.o 
Info: Nothing to build for c final project
00:29:41 **** Incremental Build of configuration Debug for project c final project ****
Info: Internal Builder is used for build
gcc -O0 -g3 -Wall -c -fmessage-length=0 -o students.o "..\\students.c" 
..\students.c: In function 'update_student_information':
..\students.c:84:6: warning: unused variable 'change' [-Wunused-variable]
  int change;
      ^~~~~~
gcc -o "c final project.exe" students.o 
00:30:07 **** Incremental Build of configuration Debug for project c final project ****
Info: Internal Builder is used for build
gcc -O0 -g3 -Wall -c -fmessage-length=0 -o students.o "..\\students.c" 
gcc -o "c final project.exe" students.o 
Info: Nothing to build for c final project
00:35:22 **** Incremental Build of configuration Debug for project c final project ****
Info: Internal Builder is used for build
gcc -O0 -g3 -Wall -c -fmessage-length=0 -o students.o "..\\students.c" 
gcc -o "c final project.exe" students.o 
Info: Nothing to build for c final project
00:58:13 **** Incremental Build of configuration Debug for project c final project ****
Info: Internal Builder is used for build
gcc -O0 -g3 -Wall -c -fmessage-length=0 -o students.o "..\\students.c" 
gcc -o "c final project.exe" students.o 
Info: Nothing to build for c final project
01:19:03 **** Incremental Build of configuration Debug for project c final project ****
Info: Internal Builder is used for build
gcc -O0 -g3 -Wall -c -fmessage-length=0 -o students.o "..\\students.c" 
..\students.c: In function 'delete_a_student':
..\students.c:119:3: error: break statement not within loop or switch
   break;
   ^~~~~
01:19:41 **** Incremental Build of configuration Debug for project c final project ****
Info: Internal Builder is used for build
gcc -O0 -g3 -Wall -c -fmessage-length=0 -o students.o "..\\students.c" 
gcc -o "c final project.exe" students.o 
Info: Nothing to build for c final project
01:26:38 **** Incremental Build of configuration Debug for project c final project ****
Info: Internal Builder is used for build
gcc -O0 -g3 -Wall -c -fmessage-length=0 -o students.o "..\\students.c" 
gcc -o "c final project.exe" students.o 
Info: Nothing to build for c final project
01:42:57 **** Incremental Build of configuration Debug for project c final project ****
Info: Internal Builder is used for build
gcc -O0 -g3 -Wall -c -fmessage-length=0 -o students.o "..\\students.c" 
gcc -o "c final project.exe" students.o 
Info: Nothing to build for c final project
Info: Nothing to build for c final project
Info: Nothing to build for c final project
01:45:51 **** Incremental Build of configuration Debug for project c final project ****
Info: Internal Builder is used for build
gcc -O0 -g3 -Wall -c -fmessage-length=0 -o students.o "..\\students.c" 
gcc -o "c final project.exe" students.o 
Info: Nothing to build for c final project
01:57:44 **** Incremental Build of configuration Debug for project c final project ****
Info: Internal Builder is used for build
gcc -O0 -g3 -Wall -c -fmessage-length=0 -o students.o "..\\students.c" 
gcc -o "c final project.exe" students.o 
02:21:06 **** Incremental Build of configuration Debug for project c final project ****
Info: Internal Builder is used for build
gcc -O0 -g3 -Wall -c -fmessage-length=0 -o students.o "..\\students.c" 
gcc -o "c final project.exe" students.o 
Info: Nothing to build for c final project
Info: Nothing to build for c final project
Info: Nothing to build for c final project
02:26:46 **** Incremental Build of configuration Debug for project c final project ****
Info: Internal Builder is used for build
gcc -O0 -g3 -Wall -c -fmessage-length=0 -o students.o "..\\students.c" 
gcc -o "c final project.exe" students.o 
Info: Nothing to build for c final project
Info: Nothing to build for c final project
02:28:52 **** Incremental Build of configuration Debug for project c final project ****
Info: Internal Builder is used for build
gcc -O0 -g3 -Wall -c -fmessage-length=0 -o students.o "..\\students.c" 
gcc -o "c final project.exe" students.o 
Info: Nothing to build for c final project
02:32:12 **** Incremental Build of configuration Debug for project c final project ****
Info: Internal Builder is used for build
gcc -O0 -g3 -Wall -c -fmessage-length=0 -o students.o "..\\students.c" 
..\students.c: In function 'search_using_id':
..\students.c:77:6: error: 'i' undeclared (first use in this function)
  if(!i){
      ^
..\students.c:77:6: note: each undeclared identifier is reported only once for each function it appears in
..\students.c:68:6: warning: variable 'found' set but not used [-Wunused-but-set-variable]
  int found=0; //works as a boolean variable
      ^~~~~
02:32:27 **** Incremental Build of configuration Debug for project c final project ****
Info: Internal Builder is used for build
gcc -O0 -g3 -Wall -c -fmessage-length=0 -o students.o "..\\students.c" 
gcc -o "c final project.exe" students.o 
Info: Nothing to build for c final project
03:11:41 **** Incremental Build of configuration Debug for project c final project ****
Info: Internal Builder is used for build
gcc -O0 -g3 -Wall -c -fmessage-length=0 -o students.o "..\\students.c" 
gcc -o "c final project.exe" students.o 
Info: Nothing to build for c final project
03:16:50 **** Incremental Build of configuration Debug for project c final project ****
Info: Internal Builder is used for build
gcc -O0 -g3 -Wall -c -fmessage-length=0 -o students.o "..\\students.c" 
gcc -o "c final project.exe" students.o 
Info: Nothing to build for c final project
Info: Nothing to build for c final project
03:21:57 **** Incremental Build of configuration Debug for project c final project ****
Info: Internal Builder is used for build
gcc -O0 -g3 -Wall -c -fmessage-length=0 -o students.o "..\\students.c" 
gcc -o "c final project.exe" students.o 
Info: Nothing to build for c final project
03:22:41 **** Incremental Build of configuration Debug for project c final project ****
Info: Internal Builder is used for build
gcc -O0 -g3 -Wall -c -fmessage-length=0 -o students.o "..\\students.c" 
gcc -o "c final project.exe" students.o 
Info: Nothing to build for c final project
00:28:38 **** Incremental Build of configuration Debug for project c final project ****
Info: Internal Builder is used for build
gcc -O0 -g3 -Wall -c -fmessage-length=0 -o students.o "..\\students.c" 
..\students.c: In function 'delete_a_student':
..\students.c:125:25: error: 'struct node' has no member named 'prev'
                     head->prev = NULL;
                         ^~
..\students.c:131:34: error: 'struct node' has no member named 'prev'
                     current->next->prev = previous;
                                  ^~
00:41:09 **** Incremental Build of configuration Debug for project c final project ****
Info: Internal Builder is used for build
gcc -O0 -g3 -Wall -c -fmessage-length=0 -o students.o "..\\students.c" 
gcc -o "c final project.exe" students.o 
Info: Nothing to build for c final project
00:43:18 **** Incremental Build of configuration Debug for project c final project ****
Info: Internal Builder is used for build
gcc -O0 -g3 -Wall -c -fmessage-length=0 -o students.o "..\\students.c" 
gcc -o "c final project.exe" students.o 
Info: Nothing to build for c final project
00:43:45 **** Incremental Build of configuration Debug for project c final project ****
Info: Internal Builder is used for build
gcc -O0 -g3 -Wall -c -fmessage-length=0 -o students.o "..\\students.c" 
gcc -o "c final project.exe" students.o 
c:/mingw/bin/../lib/gcc/mingw32/6.3.0/../../../../mingw32/bin/ld.exe: cannot open output file c final project.exe: Permission denied
collect2.exe: error: ld returned 1 exit status
00:43:48 **** Incremental Build of configuration Debug for project c final project ****
Info: Internal Builder is used for build
gcc -o "c final project.exe" students.o 
Info: Nothing to build for c final project
00:43:59 **** Incremental Build of configuration Debug for project c final project ****
Info: Internal Builder is used for build
gcc -O0 -g3 -Wall -c -fmessage-length=0 -o students.o "..\\students.c" 
gcc -o "c final project.exe" students.o 
Info: Nothing to build for c final project
Info: Nothing to build for c final project
Info: Nothing to build for c final project
Info: Nothing to build for c final project
00:50:32 **** Incremental Build of configuration Debug for project c final project ****
Info: Internal Builder is used for build
gcc -O0 -g3 -Wall -c -fmessage-length=0 -o students.o "..\\students.c" 
gcc -o "c final project.exe" students.o 
Info: Nothing to build for c final project
14:26:33 **** Incremental Build of configuration Debug for project c final project ****
Info: Internal Builder is used for build
gcc -O0 -g3 -Wall -c -fmessage-length=0 -o students.o "..\\students.c" 
gcc -o "c final project.exe" students.o 
Info: Nothing to build for c final project
14:36:40 **** Incremental Build of configuration Debug for project c final project ****
Info: Internal Builder is used for build
gcc -O0 -g3 -Wall -c -fmessage-length=0 -o students.o "..\\students.c" 
gcc -o "c final project.exe" students.o 
c:/mingw/bin/../lib/gcc/mingw32/6.3.0/../../../../mingw32/bin/ld.exe: cannot open output file c final project.exe: Permission denied
collect2.exe: error: ld returned 1 exit status
14:36:46 **** Incremental Build of configuration Debug for project c final project ****
Info: Internal Builder is used for build
gcc -o "c final project.exe" students.o 
Info: Nothing to build for c final project
Info: Nothing to build for c final project
